<?xml version="1.0" encoding="UTF-8"?>
<!-- Generated by org.testng.reporters.JUnitXMLReporter -->
<testsuite ignored="0" hostname="QA_Sumit_Patil" failures="0" tests="1" name="Default test" time="0.044" errors="0" timestamp="2022-11-14T14:21:01 IST">
  <testcase classname="testClass.prefme" name="@BeforeTest launchbrowser" time="-1.668415861188E9">
    <failure type="org.testng.TestNGException" message="
Parameter &amp;apos;browserName&amp;apos; is required by BeforeTest on method launchbrowser but has not been marked @Optional or defined
in C:\Users\Sumit Patil\AppData\Local\Temp\testng-eclipse--2013812268\testng-customsuite.xml">
      <![CDATA[org.testng.TestNGException: 
Parameter 'browserName' is required by BeforeTest on method launchbrowser but has not been marked @Optional or defined
in C:\Users\Sumit Patil\AppData\Local\Temp\testng-eclipse--2013812268\testng-customsuite.xml
at org.testng.internal.Parameters.createParams(Parameters.java:270)
at org.testng.internal.Parameters.createParametersForMethod(Parameters.java:358)
at org.testng.internal.Parameters.createParameters(Parameters.java:700)
at org.testng.internal.Parameters.createConfigurationParameters(Parameters.java:168)
at org.testng.internal.ConfigInvoker.invokeConfigurations(ConfigInvoker.java:302)
at org.testng.TestRunner.invokeTestConfigurations(TestRunner.java:637)
at org.testng.TestRunner.beforeRun(TestRunner.java:627)
at org.testng.TestRunner.run(TestRunner.java:589)
at org.testng.SuiteRunner.runTest(SuiteRunner.java:377)
at org.testng.SuiteRunner.runSequentially(SuiteRunner.java:371)
at org.testng.SuiteRunner.privateRun(SuiteRunner.java:332)
at org.testng.SuiteRunner.run(SuiteRunner.java:276)
at org.testng.SuiteRunnerWorker.runSuite(SuiteRunnerWorker.java:53)
at org.testng.SuiteRunnerWorker.run(SuiteRunnerWorker.java:96)
at org.testng.TestNG.runSuitesSequentially(TestNG.java:1212)
at org.testng.TestNG.runSuitesLocally(TestNG.java:1134)
at org.testng.TestNG.runSuites(TestNG.java:1063)
at org.testng.TestNG.run(TestNG.java:1031)
at org.testng.remote.AbstractRemoteTestNG.run(AbstractRemoteTestNG.java:115)
at org.testng.remote.RemoteTestNG.initAndRun(RemoteTestNG.java:251)
at org.testng.remote.RemoteTestNG.main(RemoteTestNG.java:77)
]]>
    </failure>
  </testcase> <!-- @BeforeTest launchbrowser -->
  <testcase classname="testClass.prefme" name="@BeforeClass createpomobject" time="-1.668415861207E9">
    <skipped/>
  </testcase> <!-- @BeforeClass createpomobject -->
  <testcase classname="testClass.prefme" name="@BeforeMethod logintoApplication" time="-1.668415861216E9">
    <skipped/>
  </testcase> <!-- @BeforeMethod logintoApplication -->
  <testcase classname="testClass.prefme" name="@AfterMethod logoutApplication" time="-1.668415861221E9">
    <skipped/>
  </testcase> <!-- @AfterMethod logoutApplication -->
  <testcase classname="testClass.prefme" name="@AfterClass clearObject" time="-1.668415861223E9">
    <skipped/>
  </testcase> <!-- @AfterClass clearObject -->
  <testcase classname="testClass.prefme" name="@AfterTest closeBrowser" time="-1.668415861226E9">
    <skipped/>
  </testcase> <!-- @AfterTest closeBrowser -->
  <testcase classname="testClass.prefme" name="verifyCheckinAndCheckOut" time="0.0">
    <skipped/>
  </testcase> <!-- verifyCheckinAndCheckOut -->
</testsuite> <!-- Default test -->
